PLAN_TABLE_OUTPUT
Plan hash value: 221870275
 
---------------------------------------------------------------------------------
| Id  | Operation             | Name    | Rows  | Bytes | Cost (%CPU)| Time     |
---------------------------------------------------------------------------------
|   0 | SELECT STATEMENT      |         |     1 |     4 |    93   (2)| 00:00:01 |
|   1 |  SORT AGGREGATE       |         |     1 |     4 |            |          |
|*  2 |   INDEX FAST FULL SCAN| IND_MOK |  1925 |  7700 |    93   (2)| 00:00:01 |
---------------------------------------------------------------------------------
 
Predicate Information (identified by operation id):
---------------------------------------------------
 
   2 - filter("DOB_YEAR"=1999)